
127.0.0.1
Friday, 06 Nov 2020 17:11:25 GMT
GET ../var/www/html/index.html HTTP/1.1
200
15238


127.0.0.1
Friday, 06 Nov 2020 17:12:30 GMT
GET ../var/www/html/post/form.html HTTP/1.1
200
457

127.0.0.1
Friday, 06 Nov 2020 17:13:38 GMT
GET ../var/www/html/post/form.html HTTP/1.1
200
457

127.0.0.1
Sunday, 08 Nov 2020 13:23:35 GMT
GET ../var/www/html/index.html HTTP/1.1
200
15238

127.0.0.1
Sunday, 08 Nov 2020 13:23:35 GMT
GET ../var/www/html/award4.jpg HTTP/1.1
200
77306

127.0.0.1
Sunday, 08 Nov 2020 13:23:35 GMT
GET ../var/www/html/award2.jpg HTTP/1.1
200
85017

127.0.0.1
Sunday, 08 Nov 2020 13:23:35 GMT
GET ../var/www/html/name.jpg HTTP/1.1
200
137104

127.0.0.1
Sunday, 08 Nov 2020 13:23:35 GMT
GET ../var/www/html/award3.jpg HTTP/1.1
200
133492

127.0.0.1
Sunday, 08 Nov 2020 13:58:01 GMT
GET ../var/www/html/index.html HTTP/1.1
200
15238

127.0.0.1
Sunday, 08 Nov 2020 13:58:14 GMT
GET ../var/www/html/index.html HTTP/1.1
200
15238

127.0.0.1
Sunday, 08 Nov 2020 13:58:28 GMT
GET ../var/www/html/index.html HTTP/1.1
200
15238

127.0.0.1
Sunday, 08 Nov 2020 13:59:08 GMT
GET ../var/www/html/index.html HTTP/1.1
200
15238

127.0.0.1
Sunday, 08 Nov 2020 13:59:08 GMT
GET ../var/www/html/award4.jpg HTTP/1.1
200
77306

127.0.0.1
Sunday, 08 Nov 2020 13:59:08 GMT
GET ../var/www/html/award2.jpg HTTP/1.1
200
85017

127.0.0.1
Sunday, 08 Nov 2020 13:59:08 GMT
GET ../var/www/html/award3.jpg HTTP/1.1
200
133492

127.0.0.1
Sunday, 08 Nov 2020 13:59:08 GMT
GET ../var/www/html/name.jpg HTTP/1.1
200
137104

127.0.0.1
Sunday, 08 Nov 2020 14:04:38 GMT
GET ../var/www/html/index.html HTTP/1.1
200
15238

127.0.0.1
Sunday, 08 Nov 2020 14:04:50 GMT
GET ../var/www/html/index.html HTTP/1.1
200
15238

127.0.0.1
Sunday, 08 Nov 2020 14:04:54 GMT
GET ../var/www/html/award2.jpg HTTP/1.1
200
85017

127.0.0.1
Sunday, 08 Nov 2020 14:04:54 GMT
GET ../var/www/html/award4.jpg HTTP/1.1
200
77306

127.0.0.1
Sunday, 08 Nov 2020 14:04:54 GMT
GET ../var/www/html/award3.jpg HTTP/1.1
200
133492

127.0.0.1
Sunday, 08 Nov 2020 14:04:54 GMT
GET ../var/www/html/name.jpg HTTP/1.1
200
137104

127.0.0.1
Sunday, 08 Nov 2020 14:05:48 GMT
GET ../var/www/html/index.html HTTP/1.1
200
15238

127.0.0.1
Sunday, 08 Nov 2020 14:05:48 GMT
GET ../var/www/html/index.html HTTP/1.1
200
15238

127.0.0.1
Sunday, 08 Nov 2020 14:05:49 GMT
GET ../var/www/html/award4.jpg HTTP/1.1
200
77306

127.0.0.1
Sunday, 08 Nov 2020 14:05:49 GMT
GET ../var/www/html/name.jpg HTTP/1.1
200
137104

127.0.0.1
Sunday, 08 Nov 2020 14:05:49 GMT
GET ../var/www/html/award2.jpg HTTP/1.1
200
85017

127.0.0.1
Sunday, 08 Nov 2020 14:05:49 GMT
GET ../var/www/html/award3.jpg HTTP/1.1
200
133492

127.0.0.1
Sunday, 08 Nov 2020 14:08:31 GMT
GET ../var/www/html/index.html HTTP/1.1
200
15238

127.0.0.1
Sunday, 08 Nov 2020 14:08:32 GMT
GET ../var/www/html/index.html HTTP/1.1
200
15238

127.0.0.1
Sunday, 08 Nov 2020 14:08:32 GMT
GET ../var/www/html/award4.jpg HTTP/1.1
200
77306

127.0.0.1
Sunday, 08 Nov 2020 14:08:32 GMT
GET ../var/www/html/award2.jpg HTTP/1.1
200
85017

127.0.0.1
Sunday, 08 Nov 2020 14:08:32 GMT
GET ../var/www/html/award3.jpg HTTP/1.1
200
133492

127.0.0.1
Sunday, 08 Nov 2020 14:08:32 GMT
GET ../var/www/html/name.jpg HTTP/1.1
200
137104

127.0.0.1
Monday, 09 Nov 2020 07:39:18 GMT
GET ../var/www/html/index.html HTTP/1.1
200
15238

127.0.0.1
Monday, 09 Nov 2020 07:40:31 GMT
GET ../var/www/html/index.html HTTP/1.1
200
15238

127.0.0.1
Monday, 09 Nov 2020 07:40:31 GMT
GET ../var/www/html/award4.jpg HTTP/1.1
200
77306

127.0.0.1
Monday, 09 Nov 2020 07:40:31 GMT
GET ../var/www/html/award2.jpg HTTP/1.1
200
85017

127.0.0.1
Monday, 09 Nov 2020 07:40:31 GMT
GET ../var/www/html/award3.jpg HTTP/1.1
200
133492

127.0.0.1
Monday, 09 Nov 2020 07:40:31 GMT
GET ../var/www/html/name.jpg HTTP/1.1
200
137104

127.0.0.1
Monday, 09 Nov 2020 07:42:49 GMT
GET ../var/www/html/post/form.html HTTP/1.1
200
457

127.0.0.1
Monday, 09 Nov 2020 07:43:46 GMT
GET ../var/www/html/index.html HTTP/1.1
200
15238

127.0.0.1
Monday, 09 Nov 2020 07:47:39 GMT
GET ../var/www/html/index.html HTTP/1.1
200
15238

127.0.0.1
Monday, 09 Nov 2020 07:47:49 GMT
GET ../var/www/html/index.html HTTP/1.1
200
15238

127.0.0.1
Monday, 09 Nov 2020 07:47:53 GMT
GET ../var/www/html/index.html HTTP/1.1
200
15238

127.0.0.1
Monday, 09 Nov 2020 07:47:53 GMT
GET ../var/www/html/award2.jpg HTTP/1.1
200
85017

127.0.0.1
Monday, 09 Nov 2020 07:47:53 GMT
GET ../var/www/html/award4.jpg HTTP/1.1
200
77306

127.0.0.1
Monday, 09 Nov 2020 07:47:53 GMT
GET ../var/www/html/award3.jpg HTTP/1.1
200
133492

127.0.0.1
Monday, 09 Nov 2020 07:47:53 GMT
GET ../var/www/html/name.jpg HTTP/1.1
200
137104

127.0.0.1
Monday, 09 Nov 2020 07:48:17 GMT
GET ../var/www/html/index.html HTTP/1.1
200
15238

127.0.0.1
Monday, 09 Nov 2020 07:53:01 GMT
GET ../var/www/html/index.html HTTP/1.1
200
15238

127.0.0.1
Monday, 09 Nov 2020 08:15:02 GMT
GET ../var/www/html/index.html HTTP/1.1
200
15238

127.0.0.1
Monday, 09 Nov 2020 08:15:11 GMT
GET ../var/www/html/index.html HTTP/1.1
200
15238

127.0.0.1
Monday, 09 Nov 2020 08:15:16 GMT
GET ../var/www/html/index.html HTTP/1.1
200
15238

127.0.0.1
Monday, 09 Nov 2020 08:15:16 GMT
GET ../var/www/html/award2.jpg HTTP/1.1
200
85017

127.0.0.1
Monday, 09 Nov 2020 08:15:16 GMT
GET ../var/www/html/award4.jpg HTTP/1.1
200
77306

127.0.0.1
Monday, 09 Nov 2020 08:15:16 GMT
GET ../var/www/html/award3.jpg HTTP/1.1
200
133492

127.0.0.1
Monday, 09 Nov 2020 08:15:16 GMT
GET ../var/www/html/name.jpg HTTP/1.1
200
137104

127.0.0.1
Monday, 09 Nov 2020 09:21:31 GMT
PUT ../var/www/html/new.html HTTP/1.1
200


127.0.0.1
Monday, 09 Nov 2020 16:42:22 GMT
GET ../var/www/html/index.html HTTP/1.1
200
15238

127.0.0.1
Monday, 09 Nov 2020 16:42:29 GMT
GET ../var/www/html/index.html HTTP/1.1
200
15238

127.0.0.1
Monday, 09 Nov 2020 16:42:30 GMT
GET ../var/www/html/award4.jpg HTTP/1.1
200
77306

127.0.0.1
Monday, 09 Nov 2020 16:42:30 GMT
GET ../var/www/html/award2.jpg HTTP/1.1
200
85017

127.0.0.1
Monday, 09 Nov 2020 16:42:30 GMT
GET ../var/www/html/award3.jpg HTTP/1.1
200
133492

127.0.0.1
Monday, 09 Nov 2020 16:42:30 GMT
GET ../var/www/html/name.jpg HTTP/1.1
200
137104

127.0.0.1
Monday, 09 Nov 2020 17:04:09 GMT
GET ../var/www/html/index.html HTTP/1.1
200
15238

127.0.0.1
Monday, 09 Nov 2020 17:04:35 GMT
GET ../var/www/html/index.html HTTP/1.1
200
15238

127.0.0.1
Monday, 09 Nov 2020 17:06:10 GMT
GET ../var/www/html/index.html HTTP/1.1
200
15238

127.0.0.1
Monday, 09 Nov 2020 17:12:14 GMT
GET ../var/www/html/index.html HTTP/1.1
200
15238

127.0.0.1
Monday, 09 Nov 2020 17:12:19 GMT
GET ../var/www/html/index.html HTTP/1.1
200
15238

127.0.0.1
Monday, 09 Nov 2020 17:12:23 GMT
GET ../var/www/html/index.html HTTP/1.1
200
15238

127.0.0.1
Monday, 09 Nov 2020 17:12:24 GMT
GET ../var/www/html/award4.jpg HTTP/1.1
200
77306

127.0.0.1
Monday, 09 Nov 2020 17:12:23 GMT
GET ../var/www/html/award3.jpg HTTP/1.1
200
133492

127.0.0.1
Monday, 09 Nov 2020 17:12:24 GMT
GET ../var/www/html/award2.jpg HTTP/1.1
200
125269

127.0.0.1
Monday, 09 Nov 2020 17:12:24 GMT
GET ../var/www/html/name.jpg HTTP/1.1
200
137104

127.0.0.1
Monday, 09 Nov 2020 17:13:15 GMT
GET ../var/www/html/index.html HTTP/1.1
200
15238

127.0.0.1
Monday, 09 Nov 2020 17:13:18 GMT
GET ../var/www/html/index.html HTTP/1.1
200
15238

127.0.0.1
Monday, 09 Nov 2020 17:13:19 GMT
GET ../var/www/html/award3.jpg HTTP/1.1
200
133492

127.0.0.1
Monday, 09 Nov 2020 17:13:19 GMT
GET ../var/www/html/award4.jpg HTTP/1.1
200
77306

127.0.0.1
Monday, 09 Nov 2020 17:13:19 GMT
GET ../var/www/html/award2.jpg HTTP/1.1
200
125269

127.0.0.1
Monday, 09 Nov 2020 17:13:19 GMT
GET ../var/www/html/name.jpg HTTP/1.1
200
137104

127.0.0.1
Monday, 09 Nov 2020 17:13:56 GMT
GET ../var/www/html/index.html HTTP/1.1
200
15238

127.0.0.1
Monday, 09 Nov 2020 17:13:57 GMT
GET ../var/www/html/award4.jpg HTTP/1.1
200
77306

127.0.0.1
Monday, 09 Nov 2020 17:13:57 GMT
GET ../var/www/html/award2.jpg HTTP/1.1
200
125269

127.0.0.1
Monday, 09 Nov 2020 17:13:57 GMT
GET ../var/www/html/award3.jpg HTTP/1.1
200
133492

127.0.0.1
Monday, 09 Nov 2020 17:13:57 GMT
GET ../var/www/html/name.jpg HTTP/1.1
200
137104

127.0.0.1
Monday, 09 Nov 2020 17:17:37 GMT
GET ../var/www/html/index.html HTTP/1.1
200
15238

127.0.0.1
Monday, 09 Nov 2020 17:17:38 GMT
GET ../var/www/html/award4.jpg HTTP/1.1
200
77306

127.0.0.1
Monday, 09 Nov 2020 17:17:38 GMT
GET ../var/www/html/name.jpg HTTP/1.1
200
137104

127.0.0.1
Monday, 09 Nov 2020 17:17:38 GMT
GET ../var/www/html/award2.jpg HTTP/1.1
200
125269

127.0.0.1
Monday, 09 Nov 2020 17:17:38 GMT
GET ../var/www/html/award3.jpg HTTP/1.1
200
133492

127.0.0.1
Monday, 09 Nov 2020 17:19:05 GMT
GET ../var/www/html/index.html HTTP/1.1
200
15238

127.0.0.1
Monday, 09 Nov 2020 17:19:06 GMT
GET ../var/www/html/name.jpg HTTP/1.1
200
137104

127.0.0.1
Monday, 09 Nov 2020 17:19:06 GMT
GET ../var/www/html/award4.jpg HTTP/1.1
200
77306

127.0.0.1
Monday, 09 Nov 2020 17:19:06 GMT
GET ../var/www/html/award2.jpg HTTP/1.1
200
125269

127.0.0.1
Monday, 09 Nov 2020 17:19:06 GMT
GET ../var/www/html/award3.jpg HTTP/1.1
200
133492

127.0.0.1
Monday, 09 Nov 2020 17:19:34 GMT
GET ../var/www/html/index.html HTTP/1.1
200
15238

127.0.0.1
Monday, 09 Nov 2020 17:19:34 GMT
GET ../var/www/html/award4.jpg HTTP/1.1
200
77306

127.0.0.1
Monday, 09 Nov 2020 17:19:34 GMT
GET ../var/www/html/award2.jpg HTTP/1.1
200
125269

127.0.0.1
Monday, 09 Nov 2020 17:19:34 GMT
GET ../var/www/html/award3.jpg HTTP/1.1
200
133492

127.0.0.1
Monday, 09 Nov 2020 17:19:34 GMT
GET ../var/www/html/name.jpg HTTP/1.1
200
137104

127.0.0.1
Monday, 09 Nov 2020 17:20:16 GMT
GET ../var/www/html/index.html HTTP/1.1
200
15238

127.0.0.1
Monday, 09 Nov 2020 17:20:16 GMT
GET ../var/www/html/award4.jpg HTTP/1.1
200
77306

127.0.0.1
Monday, 09 Nov 2020 17:20:16 GMT
GET ../var/www/html/award2.jpg HTTP/1.1
200
125269

127.0.0.1
Monday, 09 Nov 2020 17:20:16 GMT
GET ../var/www/html/name.jpg HTTP/1.1
200
137104

127.0.0.1
Monday, 09 Nov 2020 17:20:16 GMT
GET ../var/www/html/award3.jpg HTTP/1.1
200
133492

127.0.0.1
Monday, 09 Nov 2020 17:37:10 GMT
GET ../var/www/html/index.html HTTP/1.1
200
15238

127.0.0.1
Monday, 09 Nov 2020 17:37:10 GMT
GET ../var/www/html/award4.jpg HTTP/1.1
200
77306

127.0.0.1
Monday, 09 Nov 2020 17:37:10 GMT
GET ../var/www/html/award2.jpg HTTP/1.1
200
125269

127.0.0.1
Monday, 09 Nov 2020 17:37:11 GMT
GET ../var/www/html/award3.jpg HTTP/1.1
200
133492

127.0.0.1
Monday, 09 Nov 2020 17:37:11 GMT
GET ../var/www/html/name.jpg HTTP/1.1
200
137104

127.0.0.1
Monday, 09 Nov 2020 17:38:42 GMT
GET ../var/www/html/index.html HTTP/1.1
200
15238

127.0.0.1
Monday, 09 Nov 2020 17:39:39 GMT
GET ../var/www/html/index.html HTTP/1.1
200
15238

127.0.0.1
Monday, 09 Nov 2020 17:40:09 GMT
GET ../var/www/html/index.html HTTP/1.1
200
15238

127.0.0.1
Monday, 09 Nov 2020 17:40:16 GMT
GET ../var/www/html/index.html HTTP/1.1
200
15238

127.0.0.1
Monday, 09 Nov 2020 17:40:16 GMT
GET ../var/www/html/award4.jpg HTTP/1.1
200
77306

127.0.0.1
Monday, 09 Nov 2020 17:40:16 GMT
GET ../var/www/html/award3.jpg HTTP/1.1
200
133492

127.0.0.1
Monday, 09 Nov 2020 17:40:16 GMT
GET ../var/www/html/award2.jpg HTTP/1.1
200
125269

127.0.0.1
Monday, 09 Nov 2020 17:40:16 GMT
GET ../var/www/html/name.jpg HTTP/1.1
200
137104

127.0.0.1
Monday, 09 Nov 2020 17:40:43 GMT
GET ../var/www/html/index.html HTTP/1.1
200
15238

127.0.0.1
Monday, 09 Nov 2020 17:40:44 GMT
GET ../var/www/html/award2.jpg HTTP/1.1
200
125269

127.0.0.1
Monday, 09 Nov 2020 17:40:44 GMT
GET ../var/www/html/award4.jpg HTTP/1.1
200
77306

127.0.0.1
Monday, 09 Nov 2020 17:40:44 GMT
GET ../var/www/html/award3.jpg HTTP/1.1
200
133492

127.0.0.1
Monday, 09 Nov 2020 17:40:44 GMT
GET ../var/www/html/name.jpg HTTP/1.1
200
137104

127.0.0.1
Monday, 09 Nov 2020 17:44:57 GMT
GET ../var/www/html/index.html HTTP/1.1
200
15238

127.0.0.1
Monday, 09 Nov 2020 17:45:56 GMT
GET ../var/www/html/index.html HTTP/1.1
200
15238

127.0.0.1
Monday, 09 Nov 2020 17:46:01 GMT
GET ../var/www/html/index.html HTTP/1.1
200
15238

127.0.0.1
Monday, 09 Nov 2020 17:46:01 GMT
GET ../var/www/html/award2.jpg HTTP/1.1
200
125269

127.0.0.1
Monday, 09 Nov 2020 17:46:01 GMT
GET ../var/www/html/award4.jpg HTTP/1.1
200
77306

127.0.0.1
Monday, 09 Nov 2020 17:46:01 GMT
GET ../var/www/html/name.jpg HTTP/1.1
200
137104

127.0.0.1
Monday, 09 Nov 2020 17:46:01 GMT
GET ../var/www/html/award3.jpg HTTP/1.1
200
133492

127.0.0.1
Monday, 09 Nov 2020 17:48:45 GMT
GET ../var/www/html/index.html HTTP/1.1
200
15238

127.0.0.1
Monday, 09 Nov 2020 17:48:49 GMT
GET ../var/www/html/index.html HTTP/1.1
200
15238

127.0.0.1
Monday, 09 Nov 2020 17:48:50 GMT
GET ../var/www/html/award4.jpg HTTP/1.1
200
77306

127.0.0.1
Monday, 09 Nov 2020 17:48:50 GMT
GET ../var/www/html/award2.jpg HTTP/1.1
200
125269

127.0.0.1
Monday, 09 Nov 2020 17:48:50 GMT
GET ../var/www/html/award3.jpg HTTP/1.1
200
133492

127.0.0.1
Monday, 09 Nov 2020 17:48:50 GMT
GET ../var/www/html/name.jpg HTTP/1.1
200
137104

127.0.0.1
Monday, 09 Nov 2020 17:50:03 GMT
GET ../var/www/html/index.html HTTP/1.1
200
15238

127.0.0.1
Monday, 09 Nov 2020 17:50:03 GMT
GET ../var/www/html/index.html HTTP/1.1
200
15238

127.0.0.1
Monday, 09 Nov 2020 17:50:03 GMT
GET ../var/www/html/award4.jpg HTTP/1.1
200
77306

127.0.0.1
Monday, 09 Nov 2020 17:50:03 GMT
GET ../var/www/html/award2.jpg HTTP/1.1
200
125269

127.0.0.1
Monday, 09 Nov 2020 17:50:03 GMT
GET ../var/www/html/name.jpg HTTP/1.1
200
137104

127.0.0.1
Monday, 09 Nov 2020 17:50:04 GMT
GET ../var/www/html/award3.jpg HTTP/1.1
200
133492

127.0.0.1
Monday, 09 Nov 2020 17:53:24 GMT
GET ../var/www/html/index.html HTTP/1.1
200
15238

127.0.0.1
Monday, 09 Nov 2020 17:53:26 GMT
GET ../var/www/html/award4.jpg HTTP/1.1
200
77306

127.0.0.1
Monday, 09 Nov 2020 17:53:26 GMT
GET ../var/www/html/award2.jpg HTTP/1.1
200
125269

127.0.0.1
Monday, 09 Nov 2020 17:53:26 GMT
GET ../var/www/html/award3.jpg HTTP/1.1
200
133492

127.0.0.1
Monday, 09 Nov 2020 17:53:26 GMT
GET ../var/www/html/name.jpg HTTP/1.1
200
137104

127.0.0.1
Monday, 09 Nov 2020 17:56:22 GMT
GET ../var/www/html/index.html HTTP/1.1
200
15238

127.0.0.1
Monday, 09 Nov 2020 17:56:23 GMT
GET ../var/www/html/award2.jpg HTTP/1.1
200
125269

127.0.0.1
Monday, 09 Nov 2020 17:56:24 GMT
GET ../var/www/html/award4.jpg HTTP/1.1
200
77306

127.0.0.1
Monday, 09 Nov 2020 17:56:24 GMT
GET ../var/www/html/award3.jpg HTTP/1.1
200
133492

127.0.0.1
Monday, 09 Nov 2020 17:56:24 GMT
GET ../var/www/html/name.jpg HTTP/1.1
200
137104

127.0.0.1
Monday, 09 Nov 2020 17:56:26 GMT
GET ../var/www/html/index.html HTTP/1.1
200
15238
