
[Date: Friday, 06 Nov 2020 17:08:15 GMT
[error]
[client 127.0.0.1 ]
client denied by server configuration:../var/www/html/favicon.ico

[Date: Friday, 06 Nov 2020 17:11:41 GMT
[error]
[client 127.0.0.1 ]
client denied by server configuration:../var/www/html/favicon.ico

[Date: Sunday, 08 Nov 2020 13:23:36 GMT
[error]
[client 127.0.0.1 ]
client denied by server configuration:../var/www/html/favicon.ico

[Date: Sunday, 08 Nov 2020 14:04:55 GMT
[error]
[client 127.0.0.1 ]
client denied by server configuration:../var/www/html/favicon.ico

[Date: Sunday, 08 Nov 2020 14:05:51 GMT
[error]
[client 127.0.0.1 ]
client denied by server configuration:../var/www/html/favicon.ico

[Date: Monday, 09 Nov 2020 07:47:54 GMT
[error]
[client 127.0.0.1 ]
client denied by server configuration:../var/www/html/favicon.ico

[Date: Monday, 09 Nov 2020 08:15:17 GMT
[error]
[client 127.0.0.1 ]
client denied by server configuration:../var/www/html/favicon.ico

<<<<<<< HEAD
[Date: Monday, 09 Nov 2020 16:49:01 GMT
[error]
[client 127.0.0.1 ]
client denied by server configuration:../var/www/html/location.html?email=rabhang07%40gmail.com&pswd=roshan%40123

[Date: Monday, 09 Nov 2020 19:49:08 GMT
=======
[Date: Monday, 09 Nov 2020 16:42:31 GMT
[error]
[client 127.0.0.1 ]
client denied by server configuration:../var/www/html/favicon.ico

[Date: Monday, 09 Nov 2020 17:12:25 GMT
[error]
[client 127.0.0.1 ]
client denied by server configuration:../var/www/html/favicon.ico

[Date: Monday, 09 Nov 2020 17:13:38 GMT
>>>>>>> 148db5ac3c0a92dda8900ff7a59be3501cbfc6ce
[error]
[client 127.0.0.1 ]
client denied by server configuration:../var/www/html/favicon.ico

<<<<<<< HEAD
[Date: Monday, 09 Nov 2020 21:00:21 GMT
[error]
[client 127.0.0.1 ]
client denied by server configuration:../var/www/html/notices
=======
[Date: Monday, 09 Nov 2020 17:40:18 GMT
[error]
[client 127.0.0.1 ]
client denied by server configuration:../var/www/html/favicon.ico

[Date: Monday, 09 Nov 2020 17:50:05 GMT
[error]
[client 127.0.0.1 ]
client denied by server configuration:../var/www/html/favicon.ico
>>>>>>> 148db5ac3c0a92dda8900ff7a59be3501cbfc6ce

[Date: Wednesday, 11 Nov 2020 08:45:30 GMT
[error]
[client 127.0.0.1 ]
client denied by server configuration:../var/www/html/favicon.ico

[Date: Wednesday, 11 Nov 2020 08:46:10 GMT
[error]
[client 127.0.0.1 ]
client denied by server configuration:../var/www/html/error/error.html

<<<<<<< HEAD
[Date: Wednesday, 11 Nov 2020 13:46:55 GMT
[error]
[client 127.0.0.1 ]
client denied by server configuration:../var/www/html/favicon.ico

[Date: Wednesday, 11 Nov 2020 13:48:42 GMT
[error]
[client 127.0.0.1 ]
client denied by server configuration:../var/www/html/volim/imgs/d2.jpg
=======
[Date: Wednesday, 11 Nov 2020 12:55:22 GMT
[error]
[client 127.0.0.1 ]
client denied by server configuration:../var/www/html/index.html

[Date: Wednesday, 11 Nov 2020 12:55:55 GMT
[error]
[client 127.0.0.1 ]
client denied by server configuration:../var/www/html/index.html
>>>>>>> 48e8aa13e761eee5610f56b343086dfd28047e87

[Date: Wednesday, 11 Nov 2020 14:25:59 GMT
[error]
[client 127.0.0.1 ]

[Date: Wednesday, 11 Nov 2020 14:27:34 GMT
[error]
[client 127.0.0.1 ]
