
POST /post/form.html HTTP/1.1
Host: 127.0.0.1:12000
User-Agent: Mozilla/5.0 (Windows NT 10.0; Win64; x64; rv:81.0) Gecko/20100101 Firefox/81.0
Accept: text/html,application/xhtml+xml,application/xml;q=0.9,image/webp,*/*;q=0.8
Accept-Language: en-US,en;q=0.5
Accept-Encoding: gzip, deflate
Content-Type: application/x-www-form-urlencoded
Content-Length: 20
Origin: http://127.0.0.1:12000
Connection: keep-alive
Referer: http://127.0.0.1:12000/post/form.html
Upgrade-Insecure-Requests: 1
Pragma: no-cache
Cache-Control: no-cache

fname=John&lname=Doe
POST /post/form.html HTTP/1.1
Host: 127.0.0.1:12000
Connection: keep-alive
Content-Length: 20
Pragma: no-cache
Cache-Control: no-cache
Upgrade-Insecure-Requests: 1
Origin: http://127.0.0.1:12000
Content-Type: application/x-www-form-urlencoded
User-Agent: Mozilla/5.0 (X11; Linux x86_64) AppleWebKit/537.36 (KHTML, like Gecko) Chrome/85.0.4183.121 Safari/537.36
Accept: text/html,application/xhtml+xml,application/xml;q=0.9,image/avif,image/webp,image/apng,*/*;q=0.8,application/signed-exchange;v=b3;q=0.9
Sec-Fetch-Site: same-origin
Sec-Fetch-Mode: navigate
Sec-Fetch-User: ?1
Sec-Fetch-Dest: document
Referer: http://127.0.0.1:12000/post/form.html
Accept-Encoding: gzip, deflate, br
Accept-Language: en-US,en;q=0.9

fname=John&lname=Doe
POST /post/form.html HTTP/1.1
Host: 127.0.0.1:12000
Connection: keep-alive
Content-Length: 20
Pragma: no-cache
Cache-Control: no-cache
Upgrade-Insecure-Requests: 1
Origin: http://127.0.0.1:12000
Content-Type: application/x-www-form-urlencoded
User-Agent: Mozilla/5.0 (X11; Linux x86_64) AppleWebKit/537.36 (KHTML, like Gecko) Chrome/85.0.4183.121 Safari/537.36
Accept: text/html,application/xhtml+xml,application/xml;q=0.9,image/avif,image/webp,image/apng,*/*;q=0.8,application/signed-exchange;v=b3;q=0.9
Sec-Fetch-Site: same-origin
Sec-Fetch-Mode: navigate
Sec-Fetch-User: ?1
Sec-Fetch-Dest: document
Referer: http://127.0.0.1:12000/post/form.html
Accept-Encoding: gzip, deflate, br
Accept-Language: en-US,en;q=0.9

fname=John&lname=Doe
POST /post/form.html HTTP/1.1
Host: 127.0.0.1:12000
Connection: keep-alive
Content-Length: 20
Pragma: no-cache
Cache-Control: no-cache
Upgrade-Insecure-Requests: 1
Origin: http://127.0.0.1:12000
Content-Type: application/x-www-form-urlencoded
User-Agent: Mozilla/5.0 (X11; Linux x86_64) AppleWebKit/537.36 (KHTML, like Gecko) Chrome/85.0.4183.121 Safari/537.36
Accept: text/html,application/xhtml+xml,application/xml;q=0.9,image/avif,image/webp,image/apng,*/*;q=0.8,application/signed-exchange;v=b3;q=0.9
Sec-Fetch-Site: same-origin
Sec-Fetch-Mode: navigate
Sec-Fetch-User: ?1
Sec-Fetch-Dest: document
Referer: http://127.0.0.1:12000/post/form.html
Accept-Encoding: gzip, deflate, br
Accept-Language: en-US,en;q=0.9

fname=John&lname=Doe
POST /post/form.html HTTP/1.1
Host: 127.0.0.1:12000
Connection: keep-alive
Content-Length: 20
Pragma: no-cache
Cache-Control: no-cache
Upgrade-Insecure-Requests: 1
Origin: http://127.0.0.1:12000
Content-Type: application/x-www-form-urlencoded
User-Agent: Mozilla/5.0 (X11; Linux x86_64) AppleWebKit/537.36 (KHTML, like Gecko) Chrome/85.0.4183.121 Safari/537.36
Accept: text/html,application/xhtml+xml,application/xml;q=0.9,image/avif,image/webp,image/apng,*/*;q=0.8,application/signed-exchange;v=b3;q=0.9
Sec-Fetch-Site: same-origin
Sec-Fetch-Mode: navigate
Sec-Fetch-User: ?1
Sec-Fetch-Dest: document
Referer: http://127.0.0.1:12000/post/form.html
Accept-Encoding: gzip, deflate, br
Accept-Language: en-US,en;q=0.9

fname=John&lname=Doe
POST /post/form.html HTTP/1.1
Host: 127.0.0.1:12000
Connection: keep-alive
Content-Length: 20
Pragma: no-cache
Cache-Control: no-cache
Upgrade-Insecure-Requests: 1
Origin: http://127.0.0.1:12000
Content-Type: application/x-www-form-urlencoded
User-Agent: Mozilla/5.0 (X11; Linux x86_64) AppleWebKit/537.36 (KHTML, like Gecko) Chrome/85.0.4183.121 Safari/537.36
Accept: text/html,application/xhtml+xml,application/xml;q=0.9,image/avif,image/webp,image/apng,*/*;q=0.8,application/signed-exchange;v=b3;q=0.9
Sec-Fetch-Site: same-origin
Sec-Fetch-Mode: navigate
Sec-Fetch-User: ?1
Sec-Fetch-Dest: document
Referer: http://127.0.0.1:12000/post/form.html
Accept-Encoding: gzip, deflate, br
Accept-Language: en-US,en;q=0.9

fname=John&lname=Doe
POST /post/index.html HTTP/1.1
Host: 127.0.0.1:12000
Connection: keep-alive
Content-Length: 20
Pragma: no-cache
Cache-Control: no-cache
Upgrade-Insecure-Requests: 1
Origin: http://127.0.0.1:12000
Content-Type: application/x-www-form-urlencoded
User-Agent: Mozilla/5.0 (X11; Linux x86_64) AppleWebKit/537.36 (KHTML, like Gecko) Chrome/85.0.4183.121 Safari/537.36
Accept: text/html,application/xhtml+xml,application/xml;q=0.9,image/avif,image/webp,image/apng,*/*;q=0.8,application/signed-exchange;v=b3;q=0.9
Sec-Fetch-Site: same-origin
Sec-Fetch-Mode: navigate
Sec-Fetch-User: ?1
Sec-Fetch-Dest: document
Referer: http://127.0.0.1:12000/post/form.html
Accept-Encoding: gzip, deflate, br
Accept-Language: en-US,en;q=0.9

fname=John&lname=Doe
POST /post/form.html HTTP/1.1
Host: 127.0.0.1:12000
Connection: keep-alive
Content-Length: 20
Pragma: no-cache
Cache-Control: no-cache
Upgrade-Insecure-Requests: 1
User-Agent: Mozilla/5.0 (X11; Linux x86_64) AppleWebKit/537.36 (KHTML, like Gecko) Chrome/85.0.4183.121 Safari/537.36
Origin: http://127.0.0.1:12000
Content-Type: application/x-www-form-urlencoded
Accept: text/html,application/xhtml+xml,application/xml;q=0.9,image/avif,image/webp,image/apng,*/*;q=0.8,application/signed-exchange;v=b3;q=0.9
Sec-Fetch-Site: same-origin
Sec-Fetch-Mode: navigate
Sec-Fetch-Dest: document
Referer: http://127.0.0.1:12000/post/form.html
Accept-Encoding: gzip, deflate, br
Accept-Language: en-US,en;q=0.9

fname=John&lname=Doe
POST /index.html HTTP/1.1
Host: 127.0.0.1:12000
Connection: keep-alive
Content-Length: 20
Pragma: no-cache
Cache-Control: no-cache
Upgrade-Insecure-Requests: 1
Origin: http://127.0.0.1:12000
Content-Type: application/x-www-form-urlencoded
User-Agent: Mozilla/5.0 (X11; Linux x86_64) AppleWebKit/537.36 (KHTML, like Gecko) Chrome/85.0.4183.121 Safari/537.36
Accept: text/html,application/xhtml+xml,application/xml;q=0.9,image/avif,image/webp,image/apng,*/*;q=0.8,application/signed-exchange;v=b3;q=0.9
Sec-Fetch-Site: same-origin
Sec-Fetch-Mode: navigate
Sec-Fetch-User: ?1
Sec-Fetch-Dest: document
Referer: http://127.0.0.1:12000/post/form.html
Accept-Encoding: gzip, deflate, br
Accept-Language: en-US,en;q=0.9

fname=John&lname=Doe
POST /post/form.html HTTP/1.1
Host: 127.0.0.1:12000
Connection: keep-alive
Content-Length: 20
Pragma: no-cache
Cache-Control: no-cache
Upgrade-Insecure-Requests: 1
User-Agent: Mozilla/5.0 (X11; Linux x86_64) AppleWebKit/537.36 (KHTML, like Gecko) Chrome/85.0.4183.121 Safari/537.36
Origin: http://127.0.0.1:12000
Content-Type: application/x-www-form-urlencoded
Accept: text/html,application/xhtml+xml,application/xml;q=0.9,image/avif,image/webp,image/apng,*/*;q=0.8,application/signed-exchange;v=b3;q=0.9
Sec-Fetch-Site: same-origin
Sec-Fetch-Mode: navigate
Sec-Fetch-Dest: document
Referer: http://127.0.0.1:12000/post/form.html
Accept-Encoding: gzip, deflate, br
Accept-Language: en-US,en;q=0.9

fname=John&lname=Doe
POST /post/form.html HTTP/1.1
Host: 127.0.0.1:12000
Connection: keep-alive
Content-Length: 20
Pragma: no-cache
Cache-Control: no-cache
Upgrade-Insecure-Requests: 1
Origin: http://127.0.0.1:12000
Content-Type: application/x-www-form-urlencoded
User-Agent: Mozilla/5.0 (X11; Linux x86_64) AppleWebKit/537.36 (KHTML, like Gecko) Chrome/85.0.4183.121 Safari/537.36
Accept: text/html,application/xhtml+xml,application/xml;q=0.9,image/avif,image/webp,image/apng,*/*;q=0.8,application/signed-exchange;v=b3;q=0.9
Sec-Fetch-Site: same-origin
Sec-Fetch-Mode: navigate
Sec-Fetch-User: ?1
Sec-Fetch-Dest: document
Referer: http://127.0.0.1:12000/post/form.html
Accept-Encoding: gzip, deflate, br
Accept-Language: en-US,en;q=0.9

fname=John&lname=Doe
POST /post/form.html HTTP/1.1
Host: 127.0.0.1:12000
Connection: keep-alive
Content-Length: 20
Pragma: no-cache
Cache-Control: no-cache
Upgrade-Insecure-Requests: 1
Origin: http://127.0.0.1:12000
Content-Type: application/x-www-form-urlencoded
User-Agent: Mozilla/5.0 (X11; Linux x86_64) AppleWebKit/537.36 (KHTML, like Gecko) Chrome/85.0.4183.121 Safari/537.36
Accept: text/html,application/xhtml+xml,application/xml;q=0.9,image/avif,image/webp,image/apng,*/*;q=0.8,application/signed-exchange;v=b3;q=0.9
Sec-Fetch-Site: same-origin
Sec-Fetch-Mode: navigate
Sec-Fetch-User: ?1
Sec-Fetch-Dest: document
Referer: http://127.0.0.1:12000/post/form.html
Accept-Encoding: gzip, deflate, br
Accept-Language: en-US,en;q=0.9

fname=John&lname=Doe
POST /post/form.html HTTP/1.1
Host: 127.0.0.1:12000
Connection: keep-alive
Content-Length: 20
Pragma: no-cache
Cache-Control: no-cache
Upgrade-Insecure-Requests: 1
Origin: http://127.0.0.1:12000
Content-Type: application/x-www-form-urlencoded
User-Agent: Mozilla/5.0 (X11; Linux x86_64) AppleWebKit/537.36 (KHTML, like Gecko) Chrome/85.0.4183.121 Safari/537.36
Accept: text/html,application/xhtml+xml,application/xml;q=0.9,image/avif,image/webp,image/apng,*/*;q=0.8,application/signed-exchange;v=b3;q=0.9
Sec-Fetch-Site: same-origin
Sec-Fetch-Mode: navigate
Sec-Fetch-User: ?1
Sec-Fetch-Dest: document
Referer: http://127.0.0.1:12000/post/form.html
Accept-Encoding: gzip, deflate, br
Accept-Language: en-US,en;q=0.9

fname=John&lname=Doe
POST /post/form.html HTTP/1.1
Host: 127.0.0.1:12000
Connection: keep-alive
Content-Length: 20
Cache-Control: max-age=0
Upgrade-Insecure-Requests: 1
User-Agent: Mozilla/5.0 (X11; Linux x86_64) AppleWebKit/537.36 (KHTML, like Gecko) Chrome/85.0.4183.121 Safari/537.36
Origin: http://127.0.0.1:12000
Content-Type: application/x-www-form-urlencoded
Accept: text/html,application/xhtml+xml,application/xml;q=0.9,image/avif,image/webp,image/apng,*/*;q=0.8,application/signed-exchange;v=b3;q=0.9
Sec-Fetch-Site: same-origin
Sec-Fetch-Mode: navigate
Sec-Fetch-User: ?1
Sec-Fetch-Dest: document
Referer: http://127.0.0.1:12000/post/form.html
Accept-Encoding: gzip, deflate, br
Accept-Language: en-US,en;q=0.9
If-None-Match: "2aa6-59280a1a3740c"
If-Modified-Since: Thursday, 22 Oct, 2020 09:03:11 GMT

fname=John&lname=Doe
POST /post/form.html HTTP/1.1
Host: 127.0.0.1:12000
Connection: keep-alive
Content-Length: 20
Cache-Control: max-age=0
Upgrade-Insecure-Requests: 1
Origin: http://127.0.0.1:12000
Content-Type: application/x-www-form-urlencoded
User-Agent: Mozilla/5.0 (X11; Linux x86_64) AppleWebKit/537.36 (KHTML, like Gecko) Chrome/85.0.4183.121 Safari/537.36
Accept: text/html,application/xhtml+xml,application/xml;q=0.9,image/avif,image/webp,image/apng,*/*;q=0.8,application/signed-exchange;v=b3;q=0.9
Sec-Fetch-Site: same-origin
Sec-Fetch-Mode: navigate
Sec-Fetch-User: ?1
Sec-Fetch-Dest: document
Referer: http://127.0.0.1:12000/post/form.html
Accept-Encoding: gzip, deflate, br
Accept-Language: en-US,en;q=0.9

fname=John&lname=Doe
POST /post/form.html HTTP/1.1
Host: 127.0.0.1:13000
User-Agent: Mozilla/5.0 (X11; Ubuntu; Linux x86_64; rv:81.0) Gecko/20100101 Firefox/81.0
Accept: text/html,application/xhtml+xml,application/xml;q=0.9,image/webp,*/*;q=0.8
Accept-Language: en-US,en;q=0.5
Accept-Encoding: gzip, deflate
Content-Type: application/x-www-form-urlencoded
Content-Length: 20
Origin: http://127.0.0.1:13000
Authorization: Basic ZGpmZDpmaXNk
Connection: keep-alive
Referer: http://127.0.0.1:13000/post/form.html
Upgrade-Insecure-Requests: 1

fname=John&lname=Doe
POST /lib.html HTTP/1.1
Host: 127.0.0.1:12000
User-Agent: python-requests/2.18.4
Accept-Encoding: gzip, deflate
Accept: */*
Connection: keep-alive
Content-Length: 17
Content-Type: application/x-www-form-urlencoded

somekey=somevalue
POST /lib.html HTTP/1.1
Host: 127.0.0.1:12000
User-Agent: python-requests/2.18.4
Accept-Encoding: gzip, deflate
Accept: */*
Connection: keep-alive
Content-Length: 17
Content-Type: application/x-www-form-urlencoded

somekey=somevalue
POST /lib.html HTTP/1.1
Host: 127.0.0.1:12000
User-Agent: python-requests/2.18.4
Accept-Encoding: gzip, deflate
Accept: */*
Connection: keep-alive
Content-Length: 17
Content-Type: application/x-www-form-urlencoded

somekey=somevalue
POST /volim/ HTTP/1.1
Host: 127.0.0.1:12000
User-Agent: python-requests/2.18.4
Accept-Encoding: gzip, deflate
Accept: */*
Connection: keep-alive
Content-Length: 17
Content-Type: application/x-www-form-urlencoded


POST /volim/ HTTP/1.1
Host: 127.0.0.1:12000
User-Agent: python-requests/2.18.4
Accept-Encoding: gzip, deflate
Accept: */*
Connection: keep-alive
Content-Length: 17
Content-Type: application/x-www-form-urlencoded

somekey=somevalue
POST /volim/ HTTP/1.1
Host: 127.0.0.1:12000
User-Agent: python-requests/2.18.4
Accept-Encoding: gzip, deflate
Accept: */*
Connection: keep-alive
Content-Length: 17
Content-Type: application/x-www-form-urlencoded


POST /volim/ HTTP/1.1
Host: 127.0.0.1:12000
User-Agent: python-requests/2.18.4
Accept-Encoding: gzip, deflate
Accept: */*
Connection: keep-alive
Content-Length: 17
Content-Type: application/x-www-form-urlencoded

somekey=somevalue
POST /volim/ HTTP/1.1
Host: 127.0.0.1:12000
User-Agent: python-requests/2.18.4
Accept-Encoding: gzip, deflate
Accept: */*
Connection: keep-alive
Content-Length: 17
Content-Type: application/x-www-form-urlencoded


POST /volim/ HTTP/1.1
Host: 127.0.0.1:12000
User-Agent: python-requests/2.18.4
Accept-Encoding: gzip, deflate
Accept: */*
Connection: keep-alive
Content-Length: 17
Content-Type: application/x-www-form-urlencoded


POST /volim/ HTTP/1.1
Host: 127.0.0.1:12000
User-Agent: python-requests/2.18.4
Accept-Encoding: gzip, deflate
Accept: */*
Connection: keep-alive
Content-Length: 17
Content-Type: application/x-www-form-urlencoded


POST /volim/ HTTP/1.1
Host: 127.0.0.1:12000
User-Agent: python-requests/2.18.4
Accept-Encoding: gzip, deflate
Accept: */*
Connection: keep-alive
Content-Length: 17
Content-Type: application/x-www-form-urlencoded


POST /volim/ HTTP/1.1
Host: 127.0.0.1:12000
User-Agent: python-requests/2.18.4
Accept-Encoding: gzip, deflate
Accept: */*
Connection: keep-alive
Content-Length: 17
Content-Type: application/x-www-form-urlencoded


POST /volim/ HTTP/1.1
Host: 127.0.0.1:12000
User-Agent: python-requests/2.18.4
Accept-Encoding: gzip, deflate
Accept: */*
Connection: keep-alive
Content-Length: 17
Content-Type: application/x-www-form-urlencoded


POST /volim/ HTTP/1.1
Host: 127.0.0.1:12000
User-Agent: python-requests/2.18.4
Accept-Encoding: gzip, deflate
Accept: */*
Connection: keep-alive
Content-Length: 17
Content-Type: application/x-www-form-urlencoded


POST /volim/ HTTP/1.1
Host: 127.0.0.1:12000
User-Agent: python-requests/2.18.4
Accept-Encoding: gzip, deflate
Accept: */*
Connection: keep-alive
Content-Length: 17
Content-Type: application/x-www-form-urlencoded


POST /volim/ HTTP/1.1
Host: 127.0.0.1:12000
User-Agent: python-requests/2.18.4
Accept-Encoding: gzip, deflate
Accept: */*
Connection: keep-alive
Content-Length: 17
Content-Type: application/x-www-form-urlencoded


POST /volim/ HTTP/1.1
Host: 127.0.0.1:12000
User-Agent: python-requests/2.18.4
Accept-Encoding: gzip, deflate
Accept: */*
Connection: keep-alive
Content-Length: 17
Content-Type: application/x-www-form-urlencoded


POST /volim/ HTTP/1.1
Host: 127.0.0.1:12000
User-Agent: python-requests/2.18.4
Accept-Encoding: gzip, deflate
Accept: */*
Connection: keep-alive
Content-Length: 17
Content-Type: application/x-www-form-urlencoded


POST /volim/ HTTP/1.1
Host: 127.0.0.1:12000
User-Agent: python-requests/2.18.4
Accept-Encoding: gzip, deflate
Accept: */*
Connection: keep-alive
Content-Length: 17
Content-Type: application/x-www-form-urlencoded


POST /volim/ HTTP/1.1
Host: 127.0.0.1:12000
User-Agent: python-requests/2.18.4
Accept-Encoding: gzip, deflate
Accept: */*
Connection: keep-alive
Content-Length: 17
Content-Type: application/x-www-form-urlencoded


POST /volim/ HTTP/1.1
Host: 127.0.0.1:12000
User-Agent: python-requests/2.18.4
Accept-Encoding: gzip, deflate
Accept: */*
Connection: keep-alive
Content-Length: 17
Content-Type: application/x-www-form-urlencoded


POST /volim/ HTTP/1.1
Host: 127.0.0.1:12000
User-Agent: python-requests/2.18.4
Accept-Encoding: gzip, deflate
Accept: */*
Connection: keep-alive
Content-Length: 17
Content-Type: application/x-www-form-urlencoded

somekey=somevalue
POST /volim/ HTTP/1.1
Host: 127.0.0.1:12000
User-Agent: python-requests/2.18.4
Accept-Encoding: gzip, deflate
Accept: */*
Connection: keep-alive
Content-Length: 17
Content-Type: application/x-www-form-urlencoded


POST /volim/ HTTP/1.1
Host: 127.0.0.1:12000
User-Agent: python-requests/2.18.4
Accept-Encoding: gzip, deflate
Accept: */*
Connection: keep-alive
Content-Length: 17
Content-Type: application/x-www-form-urlencoded


POST /volim/ HTTP/1.1
Host: 127.0.0.1:12000
User-Agent: python-requests/2.18.4
Accept-Encoding: gzip, deflate
Accept: */*
Connection: keep-alive
Content-Length: 17
Content-Type: application/x-www-form-urlencoded


POST /volim/ HTTP/1.1
Host: 127.0.0.1:12000
User-Agent: python-requests/2.18.4
Accept-Encoding: gzip, deflate
Accept: */*
Connection: keep-alive
Content-Length: 17
Content-Type: application/x-www-form-urlencoded

somekey=somevalue
POST /volim/ HTTP/1.1
Host: 127.0.0.1:12000
User-Agent: python-requests/2.18.4
Accept-Encoding: gzip, deflate
Accept: */*
Connection: keep-alive
Content-Length: 17
Content-Type: application/x-www-form-urlencoded


POST /volim/ HTTP/1.1
Host: 127.0.0.1:12000
User-Agent: python-requests/2.18.4
Accept-Encoding: gzip, deflate
Accept: */*
Connection: keep-alive
Content-Length: 17
Content-Type: application/x-www-form-urlencoded


POST /volim/ HTTP/1.1
Host: 127.0.0.1:12000
User-Agent: python-requests/2.18.4
Accept-Encoding: gzip, deflate
Accept: */*
Connection: keep-alive
Content-Length: 17
Content-Type: application/x-www-form-urlencoded


POST /volim/ HTTP/1.1
Host: 127.0.0.1:12000
User-Agent: python-requests/2.18.4
Accept-Encoding: gzip, deflate
Accept: */*
Connection: keep-alive
Content-Length: 17
Content-Type: application/x-www-form-urlencoded


POST /volim/ HTTP/1.1
Host: 127.0.0.1:12000
User-Agent: python-requests/2.18.4
Accept-Encoding: gzip, deflate
Accept: */*
Connection: keep-alive
Content-Length: 17
Content-Type: application/x-www-form-urlencoded


POST /volim/ HTTP/1.1
Host: 127.0.0.1:12000
User-Agent: python-requests/2.18.4
Accept-Encoding: gzip, deflate
Accept: */*
Connection: keep-alive
Content-Length: 17
Content-Type: application/x-www-form-urlencoded


POST /volim/ HTTP/1.1
Host: 127.0.0.1:12000
User-Agent: python-requests/2.18.4
Accept-Encoding: gzip, deflate
Accept: */*
Connection: keep-alive
Content-Length: 17
Content-Type: application/x-www-form-urlencoded


POST /volim/ HTTP/1.1
Host: 127.0.0.1:12000
User-Agent: python-requests/2.18.4
Accept-Encoding: gzip, deflate
Accept: */*
Connection: keep-alive
Content-Length: 17
Content-Type: application/x-www-form-urlencoded


POST /volim/ HTTP/1.1
Host: 127.0.0.1:12000
User-Agent: python-requests/2.18.4
Accept-Encoding: gzip, deflate
Accept: */*
Connection: keep-alive
Content-Length: 17
Content-Type: application/x-www-form-urlencoded


POST /volim/ HTTP/1.1
Host: 127.0.0.1:12000
User-Agent: python-requests/2.18.4
Accept-Encoding: gzip, deflate
Accept: */*
Connection: keep-alive
Content-Length: 17
Content-Type: application/x-www-form-urlencoded


POST /volim/ HTTP/1.1
Host: 127.0.0.1:12000
User-Agent: python-requests/2.18.4
Accept-Encoding: gzip, deflate
Accept: */*
Connection: keep-alive
Content-Length: 17
Content-Type: application/x-www-form-urlencoded


POST /volim/ HTTP/1.1
Host: 127.0.0.1:12000
User-Agent: python-requests/2.18.4
Accept-Encoding: gzip, deflate
Accept: */*
Connection: keep-alive
Content-Length: 17
Content-Type: application/x-www-form-urlencoded


POST /volim/ HTTP/1.1
Host: 127.0.0.1:12000
User-Agent: python-requests/2.18.4
Accept-Encoding: gzip, deflate
Accept: */*
Connection: keep-alive
Content-Length: 17
Content-Type: application/x-www-form-urlencoded


POST /volim/ HTTP/1.1
Host: 127.0.0.1:12000
User-Agent: python-requests/2.18.4
Accept-Encoding: gzip, deflate
Accept: */*
Connection: keep-alive
Content-Length: 17
Content-Type: application/x-www-form-urlencoded


POST /volim/ HTTP/1.1
Host: 127.0.0.1:12000
User-Agent: python-requests/2.18.4
Accept-Encoding: gzip, deflate
Accept: */*
Connection: keep-alive
Content-Length: 17
Content-Type: application/x-www-form-urlencoded


POST /volim/ HTTP/1.1
Host: 127.0.0.1:12000
User-Agent: python-requests/2.18.4
Accept-Encoding: gzip, deflate
Accept: */*
Connection: keep-alive
Content-Length: 17
Content-Type: application/x-www-form-urlencoded


POST /volim/ HTTP/1.1
Host: 127.0.0.1:12000
User-Agent: python-requests/2.18.4
Accept-Encoding: gzip, deflate
Accept: */*
Connection: keep-alive
Content-Length: 17
Content-Type: application/x-www-form-urlencoded


POST /volim/ HTTP/1.1
Host: 127.0.0.1:12000
User-Agent: python-requests/2.18.4
Accept-Encoding: gzip, deflate
Accept: */*
Connection: keep-alive
Content-Length: 17
Content-Type: application/x-www-form-urlencoded


POST /volim/ HTTP/1.1
Host: 127.0.0.1:12000
User-Agent: python-requests/2.18.4
Accept-Encoding: gzip, deflate
Accept: */*
Connection: keep-alive
Content-Length: 17
Content-Type: application/x-www-form-urlencoded


POST /volim/ HTTP/1.1
Host: 127.0.0.1:12000
User-Agent: python-requests/2.18.4
Accept-Encoding: gzip, deflate
Accept: */*
Connection: keep-alive
Content-Length: 17
Content-Type: application/x-www-form-urlencoded


POST /volim/ HTTP/1.1
Host: 127.0.0.1:12000
User-Agent: python-requests/2.18.4
Accept-Encoding: gzip, deflate
Accept: */*
Connection: keep-alive
Content-Length: 17
Content-Type: application/x-www-form-urlencoded

somekey=somevalue
POST /volim/ HTTP/1.1
Host: 127.0.0.1:12000
User-Agent: python-requests/2.18.4
Accept-Encoding: gzip, deflate
Accept: */*
Connection: keep-alive
Content-Length: 17
Content-Type: application/x-www-form-urlencoded


POST /volim/ HTTP/1.1
Host: 127.0.0.1:12000
User-Agent: python-requests/2.18.4
Accept-Encoding: gzip, deflate
Accept: */*
Connection: keep-alive
Content-Length: 17
Content-Type: application/x-www-form-urlencoded


POST /volim/ HTTP/1.1
Host: 127.0.0.1:12000
User-Agent: python-requests/2.18.4
Accept-Encoding: gzip, deflate
Accept: */*
Connection: keep-alive
Content-Length: 17
Content-Type: application/x-www-form-urlencoded

somekey=somevalue
POST /volim/ HTTP/1.1
Host: 127.0.0.1:12000
User-Agent: python-requests/2.18.4
Accept-Encoding: gzip, deflate
Accept: */*
Connection: keep-alive
Content-Length: 17
Content-Type: application/x-www-form-urlencoded


POST /volim/ HTTP/1.1
Host: 127.0.0.1:12000
User-Agent: python-requests/2.18.4
Accept-Encoding: gzip, deflate
Accept: */*
Connection: keep-alive
Content-Length: 17
Content-Type: application/x-www-form-urlencoded


POST /volim/ HTTP/1.1
Host: 127.0.0.1:12000
User-Agent: python-requests/2.18.4
Accept-Encoding: gzip, deflate
Accept: */*
Connection: keep-alive
Content-Length: 17
Content-Type: application/x-www-form-urlencoded


POST /volim/ HTTP/1.1
Host: 127.0.0.1:12000
User-Agent: python-requests/2.18.4
Accept-Encoding: gzip, deflate
Accept: */*
Connection: keep-alive
Content-Length: 17
Content-Type: application/x-www-form-urlencoded


POST /volim/ HTTP/1.1
Host: 127.0.0.1:12000
User-Agent: python-requests/2.18.4
Accept-Encoding: gzip, deflate
Accept: */*
Connection: keep-alive
Content-Length: 17
Content-Type: application/x-www-form-urlencoded


POST /volim/ HTTP/1.1
Host: 127.0.0.1:12000
User-Agent: python-requests/2.18.4
Accept-Encoding: gzip, deflate
Accept: */*
Connection: keep-alive
Content-Length: 17
Content-Type: application/x-www-form-urlencoded

somekey=somevalue
POST /volim/ HTTP/1.1
Host: 127.0.0.1:12000
User-Agent: python-requests/2.18.4
Accept-Encoding: gzip, deflate
Accept: */*
Connection: keep-alive
Content-Length: 17
Content-Type: application/x-www-form-urlencoded

somekey=somevalue
POST /volim/ HTTP/1.1
Host: 127.0.0.1:12000
User-Agent: python-requests/2.18.4
Accept-Encoding: gzip, deflate
Accept: */*
Connection: keep-alive
Content-Length: 17
Content-Type: application/x-www-form-urlencoded


POST /volim/ HTTP/1.1
Host: 127.0.0.1:12000
User-Agent: python-requests/2.18.4
Accept-Encoding: gzip, deflate
Accept: */*
Connection: keep-alive
Content-Length: 17
Content-Type: application/x-www-form-urlencoded


POST /volim/ HTTP/1.1
Host: 127.0.0.1:12000
User-Agent: python-requests/2.18.4
Accept-Encoding: gzip, deflate
Accept: */*
Connection: keep-alive
Content-Length: 17
Content-Type: application/x-www-form-urlencoded


POST /volim/ HTTP/1.1
Host: 127.0.0.1:12000
User-Agent: python-requests/2.18.4
Accept-Encoding: gzip, deflate
Accept: */*
Connection: keep-alive
Content-Length: 17
Content-Type: application/x-www-form-urlencoded


POST /volim/ HTTP/1.1
Host: 127.0.0.1:12000
User-Agent: python-requests/2.18.4
Accept-Encoding: gzip, deflate
Accept: */*
Connection: keep-alive
Content-Length: 17
Content-Type: application/x-www-form-urlencoded


POST /volim/ HTTP/1.1
Host: 127.0.0.1:12000
User-Agent: python-requests/2.18.4
Accept-Encoding: gzip, deflate
Accept: */*
Connection: keep-alive
Content-Length: 17
Content-Type: application/x-www-form-urlencoded


POST /volim/ HTTP/1.1
Host: 127.0.0.1:12000
User-Agent: python-requests/2.18.4
Accept-Encoding: gzip, deflate
Accept: */*
Connection: keep-alive
Content-Length: 17
Content-Type: application/x-www-form-urlencoded


POST /volim/ HTTP/1.1
Host: 127.0.0.1:12000
User-Agent: python-requests/2.18.4
Accept-Encoding: gzip, deflate
Accept: */*
Connection: keep-alive
Content-Length: 17
Content-Type: application/x-www-form-urlencoded


POST /volim/ HTTP/1.1
Host: 127.0.0.1:12000
User-Agent: python-requests/2.18.4
Accept-Encoding: gzip, deflate
Accept: */*
Connection: keep-alive
Content-Length: 17
Content-Type: application/x-www-form-urlencoded


POST /volim/ HTTP/1.1
Host: 127.0.0.1:12000
User-Agent: python-requests/2.18.4
Accept-Encoding: gzip, deflate
Accept: */*
Connection: keep-alive
Content-Length: 17
Content-Type: application/x-www-form-urlencoded


POST /volim/ HTTP/1.1
Host: 127.0.0.1:12000
User-Agent: python-requests/2.18.4
Accept-Encoding: gzip, deflate
Accept: */*
Connection: keep-alive
Content-Length: 17
Content-Type: application/x-www-form-urlencoded


POST /volim/ HTTP/1.1
Host: 127.0.0.1:12000
User-Agent: python-requests/2.18.4
Accept-Encoding: gzip, deflate
Accept: */*
Connection: keep-alive
Content-Length: 17
Content-Type: application/x-www-form-urlencoded


POST /volim/ HTTP/1.1
Host: 127.0.0.1:12000
User-Agent: python-requests/2.18.4
Accept-Encoding: gzip, deflate
Accept: */*
Connection: keep-alive
Content-Length: 17
Content-Type: application/x-www-form-urlencoded


POST /volim/ HTTP/1.1
Host: 127.0.0.1:12000
User-Agent: python-requests/2.18.4
Accept-Encoding: gzip, deflate
Accept: */*
Connection: keep-alive
Content-Length: 17
Content-Type: application/x-www-form-urlencoded


POST /volim/ HTTP/1.1
Host: 127.0.0.1:12000
User-Agent: python-requests/2.18.4
Accept-Encoding: gzip, deflate
Accept: */*
Connection: keep-alive
Content-Length: 17
Content-Type: application/x-www-form-urlencoded


POST /volim/ HTTP/1.1
Host: 127.0.0.1:12000
User-Agent: python-requests/2.18.4
Accept-Encoding: gzip, deflate
Accept: */*
Connection: keep-alive
Content-Length: 17
Content-Type: application/x-www-form-urlencoded


POST /volim/ HTTP/1.1
Host: 127.0.0.1:12000
User-Agent: python-requests/2.18.4
Accept-Encoding: gzip, deflate
Accept: */*
Connection: keep-alive
Content-Length: 17
Content-Type: application/x-www-form-urlencoded


POST /volim/ HTTP/1.1
Host: 127.0.0.1:12000
User-Agent: python-requests/2.18.4
Accept-Encoding: gzip, deflate
Accept: */*
Connection: keep-alive
Content-Length: 17
Content-Type: application/x-www-form-urlencoded


POST /volim/ HTTP/1.1
Host: 127.0.0.1:12000
User-Agent: python-requests/2.18.4
Accept-Encoding: gzip, deflate
Accept: */*
Connection: keep-alive
Content-Length: 17
Content-Type: application/x-www-form-urlencoded


POST /volim/ HTTP/1.1
Host: 127.0.0.1:12000
User-Agent: python-requests/2.18.4
Accept-Encoding: gzip, deflate
Accept: */*
Connection: keep-alive
Content-Length: 17
Content-Type: application/x-www-form-urlencoded


POST /volim/ HTTP/1.1
Host: 127.0.0.1:12000
User-Agent: python-requests/2.18.4
Accept-Encoding: gzip, deflate
Accept: */*
Connection: keep-alive
Content-Length: 17
Content-Type: application/x-www-form-urlencoded

somekey=somevalue
POST /volim/ HTTP/1.1
Host: 127.0.0.1:12000
User-Agent: python-requests/2.18.4
Accept-Encoding: gzip, deflate
Accept: */*
Connection: keep-alive
Content-Length: 17
Content-Type: application/x-www-form-urlencoded


POST /volim/ HTTP/1.1
Host: 127.0.0.1:12000
User-Agent: python-requests/2.18.4
Accept-Encoding: gzip, deflate
Accept: */*
Connection: keep-alive
Content-Length: 17
Content-Type: application/x-www-form-urlencoded


POST /volim/ HTTP/1.1
Host: 127.0.0.1:12000
User-Agent: python-requests/2.18.4
Accept-Encoding: gzip, deflate
Accept: */*
Connection: keep-alive
Content-Length: 17
Content-Type: application/x-www-form-urlencoded


POST /volim/ HTTP/1.1
Host: 127.0.0.1:12000
User-Agent: python-requests/2.18.4
Accept-Encoding: gzip, deflate
Accept: */*
Connection: keep-alive
Content-Length: 17
Content-Type: application/x-www-form-urlencoded

somekey=somevalue
POST /volim/ HTTP/1.1
Host: 127.0.0.1:12000
User-Agent: python-requests/2.18.4
Accept-Encoding: gzip, deflate
Accept: */*
Connection: keep-alive
Content-Length: 17
Content-Type: application/x-www-form-urlencoded

somekey=somevalue
POST /volim/ HTTP/1.1
Host: 127.0.0.1:12000
User-Agent: python-requests/2.18.4
Accept-Encoding: gzip, deflate
Accept: */*
Connection: keep-alive
Content-Length: 17
Content-Type: application/x-www-form-urlencoded

somekey=somevalue
POST /volim/ HTTP/1.1
Host: 127.0.0.1:12000
User-Agent: python-requests/2.18.4
Accept-Encoding: gzip, deflate
Accept: */*
Connection: keep-alive
Content-Length: 17
Content-Type: application/x-www-form-urlencoded


POST /volim/ HTTP/1.1
Host: 127.0.0.1:12000
User-Agent: python-requests/2.18.4
Accept-Encoding: gzip, deflate
Accept: */*
Connection: keep-alive
Content-Length: 17
Content-Type: application/x-www-form-urlencoded

somekey=somevalue
POST /volim/ HTTP/1.1
Host: 127.0.0.1:12000
User-Agent: python-requests/2.18.4
Accept-Encoding: gzip, deflate
Accept: */*
Connection: keep-alive
Content-Length: 17
Content-Type: application/x-www-form-urlencoded

somekey=somevalue
POST /volim/ HTTP/1.1
Host: 127.0.0.1:12000
User-Agent: python-requests/2.18.4
Accept-Encoding: gzip, deflate
Accept: */*
Connection: keep-alive
Content-Length: 17
Content-Type: application/x-www-form-urlencoded

somekey=somevalue
POST /volim/ HTTP/1.1
Host: 127.0.0.1:12000
User-Agent: python-requests/2.18.4
Accept-Encoding: gzip, deflate
Accept: */*
Connection: keep-alive
Content-Length: 17
Content-Type: application/x-www-form-urlencoded


POST /volim/ HTTP/1.1
Host: 127.0.0.1:12000
User-Agent: python-requests/2.18.4
Accept-Encoding: gzip, deflate
Accept: */*
Connection: keep-alive
Content-Length: 17
Content-Type: application/x-www-form-urlencoded


POST /volim/ HTTP/1.1
Host: 127.0.0.1:12000
User-Agent: python-requests/2.18.4
Accept-Encoding: gzip, deflate
Accept: */*
Connection: keep-alive
Content-Length: 17
Content-Type: application/x-www-form-urlencoded


POST /volim/ HTTP/1.1
Host: 127.0.0.1:12000
User-Agent: python-requests/2.18.4
Accept-Encoding: gzip, deflate
Accept: */*
Connection: keep-alive
Content-Length: 17
Content-Type: application/x-www-form-urlencoded


POST /volim/ HTTP/1.1
Host: 127.0.0.1:12000
User-Agent: python-requests/2.18.4
Accept-Encoding: gzip, deflate
Accept: */*
Connection: keep-alive
Content-Length: 17
Content-Type: application/x-www-form-urlencoded


POST /volim/ HTTP/1.1
Host: 127.0.0.1:12000
User-Agent: python-requests/2.18.4
Accept-Encoding: gzip, deflate
Accept: */*
Connection: keep-alive
Content-Length: 17
Content-Type: application/x-www-form-urlencoded


POST /volim/ HTTP/1.1
Host: 127.0.0.1:12000
User-Agent: python-requests/2.18.4
Accept-Encoding: gzip, deflate
Accept: */*
Connection: keep-alive
Content-Length: 17
Content-Type: application/x-www-form-urlencoded


POST /volim/ HTTP/1.1
Host: 127.0.0.1:12000
User-Agent: python-requests/2.18.4
Accept-Encoding: gzip, deflate
Accept: */*
Connection: keep-alive
Content-Length: 17
Content-Type: application/x-www-form-urlencoded


POST /volim/ HTTP/1.1
Host: 127.0.0.1:12000
User-Agent: python-requests/2.18.4
Accept-Encoding: gzip, deflate
Accept: */*
Connection: keep-alive
Content-Length: 17
Content-Type: application/x-www-form-urlencoded


POST /volim/ HTTP/1.1
Host: 127.0.0.1:12000
User-Agent: python-requests/2.18.4
Accept-Encoding: gzip, deflate
Accept: */*
Connection: keep-alive
Content-Length: 17
Content-Type: application/x-www-form-urlencoded

somekey=somevalue
POST /volim/ HTTP/1.1
Host: 127.0.0.1:12000
User-Agent: python-requests/2.18.4
Accept-Encoding: gzip, deflate
Accept: */*
Connection: keep-alive
Content-Length: 17
Content-Type: application/x-www-form-urlencoded


POST /volim/ HTTP/1.1
Host: 127.0.0.1:12000
User-Agent: python-requests/2.18.4
Accept-Encoding: gzip, deflate
Accept: */*
Connection: keep-alive
Content-Length: 17
Content-Type: application/x-www-form-urlencoded


POST /volim/ HTTP/1.1
Host: 127.0.0.1:12000
User-Agent: python-requests/2.18.4
Accept-Encoding: gzip, deflate
Accept: */*
Connection: keep-alive
Content-Length: 17
Content-Type: application/x-www-form-urlencoded


POST /volim/ HTTP/1.1
Host: 127.0.0.1:12000
User-Agent: python-requests/2.18.4
Accept-Encoding: gzip, deflate
Accept: */*
Connection: keep-alive
Content-Length: 17
Content-Type: application/x-www-form-urlencoded


POST /volim/ HTTP/1.1
Host: 127.0.0.1:12000
User-Agent: python-requests/2.18.4
Accept-Encoding: gzip, deflate
Accept: */*
Connection: keep-alive
Content-Length: 17
Content-Type: application/x-www-form-urlencoded


POST /volim/ HTTP/1.1
Host: 127.0.0.1:12000
User-Agent: python-requests/2.18.4
Accept-Encoding: gzip, deflate
Accept: */*
Connection: keep-alive
Content-Length: 17
Content-Type: application/x-www-form-urlencoded


POST /volim/ HTTP/1.1
Host: 127.0.0.1:12000
User-Agent: python-requests/2.18.4
Accept-Encoding: gzip, deflate
Accept: */*
Connection: keep-alive
Content-Length: 17
Content-Type: application/x-www-form-urlencoded


POST /volim/ HTTP/1.1
Host: 127.0.0.1:12000
User-Agent: python-requests/2.18.4
Accept-Encoding: gzip, deflate
Accept: */*
Connection: keep-alive
Content-Length: 17
Content-Type: application/x-www-form-urlencoded


POST /volim/ HTTP/1.1
Host: 127.0.0.1:12000
User-Agent: python-requests/2.18.4
Accept-Encoding: gzip, deflate
Accept: */*
Connection: keep-alive
Content-Length: 17
Content-Type: application/x-www-form-urlencoded


POST /volim/ HTTP/1.1
Host: 127.0.0.1:12000
User-Agent: python-requests/2.18.4
Accept-Encoding: gzip, deflate
Accept: */*
Connection: keep-alive
Content-Length: 17
Content-Type: application/x-www-form-urlencoded

somekey=somevalue
POST /volim/ HTTP/1.1
Host: 127.0.0.1:12000
User-Agent: python-requests/2.18.4
Accept-Encoding: gzip, deflate
Accept: */*
Connection: keep-alive
Content-Length: 17
Content-Type: application/x-www-form-urlencoded


POST /volim/ HTTP/1.1
Host: 127.0.0.1:12000
User-Agent: python-requests/2.18.4
Accept-Encoding: gzip, deflate
Accept: */*
Connection: keep-alive
Content-Length: 17
Content-Type: application/x-www-form-urlencoded


POST /volim/ HTTP/1.1
Host: 127.0.0.1:12000
User-Agent: python-requests/2.18.4
Accept-Encoding: gzip, deflate
Accept: */*
Connection: keep-alive
Content-Length: 17
Content-Type: application/x-www-form-urlencoded


POST /volim/ HTTP/1.1
Host: 127.0.0.1:12000
User-Agent: python-requests/2.18.4
Accept-Encoding: gzip, deflate
Accept: */*
Connection: keep-alive
Content-Length: 17
Content-Type: application/x-www-form-urlencoded


POST /volim/ HTTP/1.1
Host: 127.0.0.1:12000
User-Agent: python-requests/2.18.4
Accept-Encoding: gzip, deflate
Accept: */*
Connection: keep-alive
Content-Length: 17
Content-Type: application/x-www-form-urlencoded


POST /volim/ HTTP/1.1
Host: 127.0.0.1:12000
User-Agent: python-requests/2.18.4
Accept-Encoding: gzip, deflate
Accept: */*
Connection: keep-alive
Content-Length: 17
Content-Type: application/x-www-form-urlencoded


POST /volim/ HTTP/1.1
Host: 127.0.0.1:12000
User-Agent: python-requests/2.18.4
Accept-Encoding: gzip, deflate
Accept: */*
Connection: keep-alive
Content-Length: 17
Content-Type: application/x-www-form-urlencoded


POST /volim/ HTTP/1.1
Host: 127.0.0.1:12000
User-Agent: python-requests/2.18.4
Accept-Encoding: gzip, deflate
Accept: */*
Connection: keep-alive
Content-Length: 17
Content-Type: application/x-www-form-urlencoded


POST /volim/ HTTP/1.1
Host: 127.0.0.1:12000
User-Agent: python-requests/2.18.4
Accept-Encoding: gzip, deflate
Accept: */*
Connection: keep-alive
Content-Length: 17
Content-Type: application/x-www-form-urlencoded


POST /volim/ HTTP/1.1
Host: 127.0.0.1:12000
User-Agent: python-requests/2.18.4
Accept-Encoding: gzip, deflate
Accept: */*
Connection: keep-alive
Content-Length: 17
Content-Type: application/x-www-form-urlencoded

somekey=somevalue
POST /volim/ HTTP/1.1
Host: 127.0.0.1:12000
User-Agent: python-requests/2.18.4
Accept-Encoding: gzip, deflate
Accept: */*
Connection: keep-alive
Content-Length: 17
Content-Type: application/x-www-form-urlencoded


POST /volim/ HTTP/1.1
Host: 127.0.0.1:12000
User-Agent: python-requests/2.18.4
Accept-Encoding: gzip, deflate
Accept: */*
Connection: keep-alive
Content-Length: 17
Content-Type: application/x-www-form-urlencoded


POST /volim/ HTTP/1.1
Host: 127.0.0.1:12000
User-Agent: python-requests/2.18.4
Accept-Encoding: gzip, deflate
Accept: */*
Connection: keep-alive
Content-Length: 17
Content-Type: application/x-www-form-urlencoded


POST /volim/ HTTP/1.1
Host: 127.0.0.1:12000
User-Agent: python-requests/2.18.4
Accept-Encoding: gzip, deflate
Accept: */*
Connection: keep-alive
Content-Length: 17
Content-Type: application/x-www-form-urlencoded

somekey=somevalue
POST /volim/ HTTP/1.1
Host: 127.0.0.1:12000
User-Agent: python-requests/2.18.4
Accept-Encoding: gzip, deflate
Accept: */*
Connection: keep-alive
Content-Length: 17
Content-Type: application/x-www-form-urlencoded


POST /volim/ HTTP/1.1
Host: 127.0.0.1:12000
User-Agent: python-requests/2.18.4
Accept-Encoding: gzip, deflate
Accept: */*
Connection: keep-alive
Content-Length: 17
Content-Type: application/x-www-form-urlencoded


POST /volim/ HTTP/1.1
Host: 127.0.0.1:12000
User-Agent: python-requests/2.18.4
Accept-Encoding: gzip, deflate
Accept: */*
Connection: keep-alive
Content-Length: 17
Content-Type: application/x-www-form-urlencoded


POST /volim/ HTTP/1.1
Host: 127.0.0.1:12000
User-Agent: python-requests/2.18.4
Accept-Encoding: gzip, deflate
Accept: */*
Connection: keep-alive
Content-Length: 17
Content-Type: application/x-www-form-urlencoded


POST /volim/ HTTP/1.1
Host: 127.0.0.1:12000
User-Agent: python-requests/2.18.4
Accept-Encoding: gzip, deflate
Accept: */*
Connection: keep-alive
Content-Length: 17
Content-Type: application/x-www-form-urlencoded


POST /volim/ HTTP/1.1
Host: 127.0.0.1:12000
User-Agent: python-requests/2.18.4
Accept-Encoding: gzip, deflate
Accept: */*
Connection: keep-alive
Content-Length: 17
Content-Type: application/x-www-form-urlencoded


POST /volim/ HTTP/1.1
Host: 127.0.0.1:12000
User-Agent: python-requests/2.18.4
Accept-Encoding: gzip, deflate
Accept: */*
Connection: keep-alive
Content-Length: 17
Content-Type: application/x-www-form-urlencoded


POST /volim/ HTTP/1.1
Host: 127.0.0.1:12000
User-Agent: python-requests/2.18.4
Accept-Encoding: gzip, deflate
Accept: */*
Connection: keep-alive
Content-Length: 17
Content-Type: application/x-www-form-urlencoded


POST /volim/ HTTP/1.1
Host: 127.0.0.1:12000
User-Agent: python-requests/2.18.4
Accept-Encoding: gzip, deflate
Accept: */*
Connection: keep-alive
Content-Length: 17
Content-Type: application/x-www-form-urlencoded


POST /volim/ HTTP/1.1
Host: 127.0.0.1:12000
User-Agent: python-requests/2.18.4
Accept-Encoding: gzip, deflate
Accept: */*
Connection: keep-alive
Content-Length: 17
Content-Type: application/x-www-form-urlencoded


POST /volim/ HTTP/1.1
Host: 127.0.0.1:12000
User-Agent: python-requests/2.18.4
Accept-Encoding: gzip, deflate
Accept: */*
Connection: keep-alive
Content-Length: 17
Content-Type: application/x-www-form-urlencoded


POST /volim/ HTTP/1.1
Host: 127.0.0.1:12000
User-Agent: python-requests/2.18.4
Accept-Encoding: gzip, deflate
Accept: */*
Connection: keep-alive
Content-Length: 17
Content-Type: application/x-www-form-urlencoded


POST /volim/ HTTP/1.1
Host: 127.0.0.1:12000
User-Agent: python-requests/2.18.4
Accept-Encoding: gzip, deflate
Accept: */*
Connection: keep-alive
Content-Length: 17
Content-Type: application/x-www-form-urlencoded


POST /volim/ HTTP/1.1
Host: 127.0.0.1:12000
User-Agent: python-requests/2.18.4
Accept-Encoding: gzip, deflate
Accept: */*
Connection: keep-alive
Content-Length: 17
Content-Type: application/x-www-form-urlencoded


POST /volim/ HTTP/1.1
Host: 127.0.0.1:12000
User-Agent: python-requests/2.18.4
Accept-Encoding: gzip, deflate
Accept: */*
Connection: keep-alive
Content-Length: 17
Content-Type: application/x-www-form-urlencoded


POST /volim/ HTTP/1.1
Host: 127.0.0.1:12000
User-Agent: python-requests/2.18.4
Accept-Encoding: gzip, deflate
Accept: */*
Connection: keep-alive
Content-Length: 17
Content-Type: application/x-www-form-urlencoded


POST /volim/ HTTP/1.1
Host: 127.0.0.1:12000
User-Agent: python-requests/2.18.4
Accept-Encoding: gzip, deflate
Accept: */*
Connection: keep-alive
Content-Length: 17
Content-Type: application/x-www-form-urlencoded


POST /volim/ HTTP/1.1
Host: 127.0.0.1:12000
User-Agent: python-requests/2.18.4
Accept-Encoding: gzip, deflate
Accept: */*
Connection: keep-alive
Content-Length: 17
Content-Type: application/x-www-form-urlencoded


POST /volim/ HTTP/1.1
Host: 127.0.0.1:12000
User-Agent: python-requests/2.18.4
Accept-Encoding: gzip, deflate
Accept: */*
Connection: keep-alive
Content-Length: 17
Content-Type: application/x-www-form-urlencoded


POST /volim/ HTTP/1.1
Host: 127.0.0.1:12000
User-Agent: python-requests/2.18.4
Accept-Encoding: gzip, deflate
Accept: */*
Connection: keep-alive
Content-Length: 17
Content-Type: application/x-www-form-urlencoded


POST /volim/ HTTP/1.1
Host: 127.0.0.1:12000
User-Agent: python-requests/2.18.4
Accept-Encoding: gzip, deflate
Accept: */*
Connection: keep-alive
Content-Length: 17
Content-Type: application/x-www-form-urlencoded

somekey=somevalue
POST /volim/ HTTP/1.1
Host: 127.0.0.1:12000
User-Agent: python-requests/2.18.4
Accept-Encoding: gzip, deflate
Accept: */*
Connection: keep-alive
Content-Length: 17
Content-Type: application/x-www-form-urlencoded


POST /volim/ HTTP/1.1
Host: 127.0.0.1:12000
User-Agent: python-requests/2.18.4
Accept-Encoding: gzip, deflate
Accept: */*
Connection: keep-alive
Content-Length: 17
Content-Type: application/x-www-form-urlencoded


POST /volim/ HTTP/1.1
Host: 127.0.0.1:12000
User-Agent: python-requests/2.18.4
Accept-Encoding: gzip, deflate
Accept: */*
Connection: keep-alive
Content-Length: 17
Content-Type: application/x-www-form-urlencoded


POST /volim/ HTTP/1.1
Host: 127.0.0.1:12000
User-Agent: python-requests/2.18.4
Accept-Encoding: gzip, deflate
Accept: */*
Connection: keep-alive
Content-Length: 17
Content-Type: application/x-www-form-urlencoded


POST /volim/ HTTP/1.1
Host: 127.0.0.1:12000
User-Agent: python-requests/2.18.4
Accept-Encoding: gzip, deflate
Accept: */*
Connection: keep-alive
Content-Length: 17
Content-Type: application/x-www-form-urlencoded


POST /volim/ HTTP/1.1
Host: 127.0.0.1:12000
User-Agent: python-requests/2.18.4
Accept-Encoding: gzip, deflate
Accept: */*
Connection: keep-alive
Content-Length: 17
Content-Type: application/x-www-form-urlencoded


POST /volim/ HTTP/1.1
Host: 127.0.0.1:12000
User-Agent: python-requests/2.18.4
Accept-Encoding: gzip, deflate
Accept: */*
Connection: keep-alive
Content-Length: 17
Content-Type: application/x-www-form-urlencoded

somekey=somevalue
POST /volim/ HTTP/1.1
Host: 127.0.0.1:12000
User-Agent: python-requests/2.18.4
Accept-Encoding: gzip, deflate
Accept: */*
Connection: keep-alive
Content-Length: 17
Content-Type: application/x-www-form-urlencoded


POST /volim/ HTTP/1.1
Host: 127.0.0.1:12000
User-Agent: python-requests/2.18.4
Accept-Encoding: gzip, deflate
Accept: */*
Connection: keep-alive
Content-Length: 17
Content-Type: application/x-www-form-urlencoded


POST /volim/ HTTP/1.1
Host: 127.0.0.1:12000
User-Agent: python-requests/2.18.4
Accept-Encoding: gzip, deflate
Accept: */*
Connection: keep-alive
Content-Length: 17
Content-Type: application/x-www-form-urlencoded


POST /volim/ HTTP/1.1
Host: 127.0.0.1:12000
User-Agent: python-requests/2.18.4
Accept-Encoding: gzip, deflate
Accept: */*
Connection: keep-alive
Content-Length: 17
Content-Type: application/x-www-form-urlencoded


POST /volim/ HTTP/1.1
Host: 127.0.0.1:12000
User-Agent: python-requests/2.18.4
Accept-Encoding: gzip, deflate
Accept: */*
Connection: keep-alive
Content-Length: 17
Content-Type: application/x-www-form-urlencoded


POST /volim/ HTTP/1.1
Host: 127.0.0.1:12000
User-Agent: python-requests/2.18.4
Accept-Encoding: gzip, deflate
Accept: */*
Connection: keep-alive
Content-Length: 17
Content-Type: application/x-www-form-urlencoded


POST /volim/ HTTP/1.1
Host: 127.0.0.1:12000
User-Agent: python-requests/2.18.4
Accept-Encoding: gzip, deflate
Accept: */*
Connection: keep-alive
Content-Length: 17
Content-Type: application/x-www-form-urlencoded


POST /volim/ HTTP/1.1
Host: 127.0.0.1:12000
User-Agent: python-requests/2.18.4
Accept-Encoding: gzip, deflate
Accept: */*
Connection: keep-alive
Content-Length: 17
Content-Type: application/x-www-form-urlencoded


POST /volim/ HTTP/1.1
Host: 127.0.0.1:12000
User-Agent: python-requests/2.18.4
Accept-Encoding: gzip, deflate
Accept: */*
Connection: keep-alive
Content-Length: 17
Content-Type: application/x-www-form-urlencoded


POST /volim/ HTTP/1.1
Host: 127.0.0.1:12000
User-Agent: python-requests/2.18.4
Accept-Encoding: gzip, deflate
Accept: */*
Connection: keep-alive
Content-Length: 17
Content-Type: application/x-www-form-urlencoded


POST /volim/ HTTP/1.1
Host: 127.0.0.1:12000
User-Agent: python-requests/2.18.4
Accept-Encoding: gzip, deflate
Accept: */*
Connection: keep-alive
Content-Length: 17
Content-Type: application/x-www-form-urlencoded


POST /volim/ HTTP/1.1
Host: 127.0.0.1:12000
User-Agent: python-requests/2.18.4
Accept-Encoding: gzip, deflate
Accept: */*
Connection: keep-alive
Content-Length: 17
Content-Type: application/x-www-form-urlencoded


POST /volim/ HTTP/1.1
Host: 127.0.0.1:12000
User-Agent: python-requests/2.18.4
Accept-Encoding: gzip, deflate
Accept: */*
Connection: keep-alive
Content-Length: 17
Content-Type: application/x-www-form-urlencoded


POST /volim/ HTTP/1.1
Host: 127.0.0.1:12000
User-Agent: python-requests/2.18.4
Accept-Encoding: gzip, deflate
Accept: */*
Connection: keep-alive
Content-Length: 17
Content-Type: application/x-www-form-urlencoded


POST /volim/ HTTP/1.1
Host: 127.0.0.1:12000
User-Agent: python-requests/2.18.4
Accept-Encoding: gzip, deflate
Accept: */*
Connection: keep-alive
Content-Length: 17
Content-Type: application/x-www-form-urlencoded

somekey=somevalue
POST /volim/ HTTP/1.1
Host: 127.0.0.1:12000
User-Agent: python-requests/2.18.4
Accept-Encoding: gzip, deflate
Accept: */*
Connection: keep-alive
Content-Length: 17
Content-Type: application/x-www-form-urlencoded


POST /volim/ HTTP/1.1
Host: 127.0.0.1:12000
User-Agent: python-requests/2.18.4
Accept-Encoding: gzip, deflate
Accept: */*
Connection: keep-alive
Content-Length: 17
Content-Type: application/x-www-form-urlencoded


POST /volim/ HTTP/1.1
Host: 127.0.0.1:12000
User-Agent: python-requests/2.18.4
Accept-Encoding: gzip, deflate
Accept: */*
Connection: keep-alive
Content-Length: 17
Content-Type: application/x-www-form-urlencoded


POST /volim/ HTTP/1.1
Host: 127.0.0.1:12000
User-Agent: python-requests/2.18.4
Accept-Encoding: gzip, deflate
Accept: */*
Connection: keep-alive
Content-Length: 17
Content-Type: application/x-www-form-urlencoded


POST /volim/ HTTP/1.1
Host: 127.0.0.1:12000
User-Agent: python-requests/2.18.4
Accept-Encoding: gzip, deflate
Accept: */*
Connection: keep-alive
Content-Length: 17
Content-Type: application/x-www-form-urlencoded


POST /volim/ HTTP/1.1
Host: 127.0.0.1:12000
User-Agent: python-requests/2.18.4
Accept-Encoding: gzip, deflate
Accept: */*
Connection: keep-alive
Content-Length: 17
Content-Type: application/x-www-form-urlencoded


POST /volim/ HTTP/1.1
Host: 127.0.0.1:12000
User-Agent: python-requests/2.18.4
Accept-Encoding: gzip, deflate
Accept: */*
Connection: keep-alive
Content-Length: 17
Content-Type: application/x-www-form-urlencoded


POST /volim/ HTTP/1.1
Host: 127.0.0.1:12000
User-Agent: python-requests/2.18.4
Accept-Encoding: gzip, deflate
Accept: */*
Connection: keep-alive
Content-Length: 17
Content-Type: application/x-www-form-urlencoded


POST /volim/ HTTP/1.1
Host: 127.0.0.1:12000
User-Agent: python-requests/2.18.4
Accept-Encoding: gzip, deflate
Accept: */*
Connection: keep-alive
Content-Length: 17
Content-Type: application/x-www-form-urlencoded

